<?xml version="1.0" encoding="UTF-8"?>
<!-- Generated by org.testng.reporters.JUnitReportReporter -->
<testsuite hostname="mindfeb879" failures="0" tests="1" name="mindtree.minds.TestCase1" time="18.135" errors="0" timestamp="2022-05-23T02:54:07 GMT-07:00" skipped="0">
  <testcase classname="mindtree.minds.TestCase1" name="Test2" time="18.135"/>
  <system-out/>
</testsuite> <!-- mindtree.minds.TestCase1 -->
